0 info it worked if it ends with ok
1 verbose cli [ 'node', '/usr/local/bin/npm', 'install', '-g', 'component' ]
2 info using npm@1.2.24
3 info using node@v0.10.9
4 verbose read json /usr/local/lib/package.json
5 verbose read json /usr/local/lib/package.json
6 verbose cache add [ 'component', null ]
7 verbose cache add name=undefined spec="component" args=["component",null]
8 verbose parsed url { protocol: null,
8 verbose parsed url   slashes: null,
8 verbose parsed url   auth: null,
8 verbose parsed url   host: null,
8 verbose parsed url   port: null,
8 verbose parsed url   hostname: null,
8 verbose parsed url   hash: null,
8 verbose parsed url   search: null,
8 verbose parsed url   query: null,
8 verbose parsed url   pathname: 'component',
8 verbose parsed url   path: 'component',
8 verbose parsed url   href: 'component' }
9 silly lockFile 335c4c1e-component component
10 verbose lock component /Users/joelbrady/.npm/335c4c1e-component.lock
11 silly lockFile 335c4c1e-component component
12 silly lockFile 335c4c1e-component component
13 verbose addNamed [ 'component', '' ]
14 verbose addNamed [ null, '' ]
15 silly lockFile fa4251c1-component component@
16 verbose lock component@ /Users/joelbrady/.npm/fa4251c1-component.lock
17 silly addNameRange { name: 'component', range: '', hasData: false }
18 verbose url raw component
19 verbose url resolving [ 'https://registry.npmjs.org/', './component' ]
20 verbose url resolved https://registry.npmjs.org/component
21 info trying registry request attempt 1 at 15:25:42
22 http GET https://registry.npmjs.org/component
23 http 200 https://registry.npmjs.org/component
24 silly registry.get cb [ 200,
24 silly registry.get   { date: 'Mon, 24 Mar 2014 22:25:44 GMT',
24 silly registry.get     server: 'CouchDB/1.6.0+build.fauxton-91-g5a2864b (Erlang OTP/R14B04)',
24 silly registry.get     etag: '"5GO4SUH5W3J972AEM7Y711XRL"',
24 silly registry.get     'content-type': 'application/json',
24 silly registry.get     via: '1.1 varnish',
24 silly registry.get     'cache-control': 'max-age=1',
24 silly registry.get     'content-length': '102619',
24 silly registry.get     'accept-ranges': 'bytes',
24 silly registry.get     age: '6925',
24 silly registry.get     'x-served-by': 'cache-v43-ASH, cache-lax1426-LAX',
24 silly registry.get     'x-cache': 'MISS, MISS',
24 silly registry.get     'x-cache-hits': '0, 0',
24 silly registry.get     'x-timer': 'S1395693019.300171375,VS0,VS-46,VE296,VE6925140',
24 silly registry.get     vary: 'Accept',
24 silly registry.get     'keep-alive': 'timeout=10, max=50',
24 silly registry.get     connection: 'Keep-Alive' } ]
25 silly addNameRange number 2 { name: 'component', range: '', hasData: true }
26 silly addNameRange versions [ 'component',
26 silly addNameRange   [ '0.0.1',
26 silly addNameRange     '0.0.2',
26 silly addNameRange     '0.0.3',
26 silly addNameRange     '0.0.4',
26 silly addNameRange     '0.0.5',
26 silly addNameRange     '0.0.6',
26 silly addNameRange     '0.0.7',
26 silly addNameRange     '0.1.0',
26 silly addNameRange     '0.1.1',
26 silly addNameRange     '0.2.0',
26 silly addNameRange     '0.3.0',
26 silly addNameRange     '0.4.0',
26 silly addNameRange     '0.4.1',
26 silly addNameRange     '0.4.2',
26 silly addNameRange     '0.5.0',
26 silly addNameRange     '0.6.0',
26 silly addNameRange     '0.6.2',
26 silly addNameRange     '0.6.3',
26 silly addNameRange     '0.6.4',
26 silly addNameRange     '0.7.0',
26 silly addNameRange     '0.7.1',
26 silly addNameRange     '0.8.0',
26 silly addNameRange     '0.9.0',
26 silly addNameRange     '0.9.1',
26 silly addNameRange     '0.10.0',
26 silly addNameRange     '0.10.1',
26 silly addNameRange     '0.11.0',
26 silly addNameRange     '0.11.1',
26 silly addNameRange     '0.12.0',
26 silly addNameRange     '0.13.0',
26 silly addNameRange     '0.13.1',
26 silly addNameRange     '0.13.2',
26 silly addNameRange     '0.14.0',
26 silly addNameRange     '0.15.0',
26 silly addNameRange     '0.15.1',
26 silly addNameRange     '0.16.0',
26 silly addNameRange     '0.16.1',
26 silly addNameRange     '0.16.2',
26 silly addNameRange     '0.16.3',
26 silly addNameRange     '0.16.4',
26 silly addNameRange     '0.16.5',
26 silly addNameRange     '0.16.6',
26 silly addNameRange     '0.16.7',
26 silly addNameRange     '0.16.8',
26 silly addNameRange     '0.17.0',
26 silly addNameRange     '0.17.2',
26 silly addNameRange     '0.17.3',
26 silly addNameRange     '0.17.4',
26 silly addNameRange     '0.17.5',
26 silly addNameRange     '0.17.6',
26 silly addNameRange     '0.18.0',
26 silly addNameRange     '0.19.0',
26 silly addNameRange     '0.19.1',
26 silly addNameRange     '0.19.2',
26 silly addNameRange     '0.19.3',
26 silly addNameRange     '0.19.4',
26 silly addNameRange     '0.19.5',
26 silly addNameRange     '0.19.6',
26 silly addNameRange     '0.19.7' ] ]
27 verbose addNamed [ 'component', '0.19.7' ]
28 verbose addNamed [ '0.19.7', '0.19.7' ]
29 silly lockFile 89327c4b-component-0-19-7 component@0.19.7
30 verbose lock component@0.19.7 /Users/joelbrady/.npm/89327c4b-component-0-19-7.lock
31 silly lockFile 171e548e-g-component-component-0-19-7-tgz https://registry.npmjs.org/component/-/component-0.19.7.tgz
32 verbose lock https://registry.npmjs.org/component/-/component-0.19.7.tgz /Users/joelbrady/.npm/171e548e-g-component-component-0-19-7-tgz.lock
33 verbose addRemoteTarball [ 'https://registry.npmjs.org/component/-/component-0.19.7.tgz',
33 verbose addRemoteTarball   '8375dda882f1415839c5cb70655be4149ae39bd2' ]
34 info retry fetch attempt 1 at 15:25:42
35 verbose fetch to= /var/folders/4y/q11gm4915tb_8qyn5f16x9dc0000gn/T/npm-3763/1395699942828-0.08895211829803884/tmp.tgz
36 http GET https://registry.npmjs.org/component/-/component-0.19.7.tgz
37 http 200 https://registry.npmjs.org/component/-/component-0.19.7.tgz
38 verbose tar unpack /var/folders/4y/q11gm4915tb_8qyn5f16x9dc0000gn/T/npm-3763/1395699942828-0.08895211829803884/tmp.tgz
39 silly lockFile 7d9afcfc-2828-0-08895211829803884-package /var/folders/4y/q11gm4915tb_8qyn5f16x9dc0000gn/T/npm-3763/1395699942828-0.08895211829803884/package
40 verbose lock /var/folders/4y/q11gm4915tb_8qyn5f16x9dc0000gn/T/npm-3763/1395699942828-0.08895211829803884/package /Users/joelbrady/.npm/7d9afcfc-2828-0-08895211829803884-package.lock
41 silly lockFile fb2747fb-2828-0-08895211829803884-tmp-tgz /var/folders/4y/q11gm4915tb_8qyn5f16x9dc0000gn/T/npm-3763/1395699942828-0.08895211829803884/tmp.tgz
42 verbose lock /var/folders/4y/q11gm4915tb_8qyn5f16x9dc0000gn/T/npm-3763/1395699942828-0.08895211829803884/tmp.tgz /Users/joelbrady/.npm/fb2747fb-2828-0-08895211829803884-tmp-tgz.lock
43 silly gunzTarPerm modes [ '755', '644' ]
44 silly gunzTarPerm extractEntry package.json
45 silly gunzTarPerm extractEntry .npmignore
46 silly gunzTarPerm extractEntry index.js
47 silly gunzTarPerm extractEntry History.md
48 silly gunzTarPerm extractEntry Makefile
49 silly gunzTarPerm extractEntry Readme.md
50 silly gunzTarPerm extractEntry bin/component-help
51 silly gunzTarPerm extractEntry bin/component
52 silly gunzTarPerm extractEntry bin/component-changes
53 silly gunzTarPerm extractEntry bin/component-convert
54 silly gunzTarPerm extractEntry bin/component-create
55 silly gunzTarPerm extractEntry bin/component-build
56 silly gunzTarPerm extractEntry bin/component-info
57 silly gunzTarPerm extractEntry bin/component-install
58 silly gunzTarPerm extractEntry bin/component-ls
59 silly gunzTarPerm extractEntry bin/component-search
60 silly gunzTarPerm extractEntry bin/component-wiki
61 silly gunzTarPerm extractEntry lib/Package.js
62 silly gunzTarPerm extractEntry lib/component.js
63 silly gunzTarPerm extractEntry lib/utils.js
64 silly gunzTarPerm extractEntry templates/readme.js
65 silly gunzTarPerm extractEntry templates/readme.md
66 verbose read json /var/folders/4y/q11gm4915tb_8qyn5f16x9dc0000gn/T/npm-3763/1395699942828-0.08895211829803884/package/package.json
67 silly lockFile 7d9afcfc-2828-0-08895211829803884-package /var/folders/4y/q11gm4915tb_8qyn5f16x9dc0000gn/T/npm-3763/1395699942828-0.08895211829803884/package
68 silly lockFile 7d9afcfc-2828-0-08895211829803884-package /var/folders/4y/q11gm4915tb_8qyn5f16x9dc0000gn/T/npm-3763/1395699942828-0.08895211829803884/package
69 silly lockFile fb2747fb-2828-0-08895211829803884-tmp-tgz /var/folders/4y/q11gm4915tb_8qyn5f16x9dc0000gn/T/npm-3763/1395699942828-0.08895211829803884/tmp.tgz
70 silly lockFile fb2747fb-2828-0-08895211829803884-tmp-tgz /var/folders/4y/q11gm4915tb_8qyn5f16x9dc0000gn/T/npm-3763/1395699942828-0.08895211829803884/tmp.tgz
71 verbose from cache /var/folders/4y/q11gm4915tb_8qyn5f16x9dc0000gn/T/npm-3763/1395699942828-0.08895211829803884/package/package.json
72 verbose tar pack [ '/Users/joelbrady/.npm/component/0.19.7/package.tgz',
72 verbose tar pack   '/var/folders/4y/q11gm4915tb_8qyn5f16x9dc0000gn/T/npm-3763/1395699942828-0.08895211829803884/package' ]
73 verbose tarball /Users/joelbrady/.npm/component/0.19.7/package.tgz
74 verbose folder /var/folders/4y/q11gm4915tb_8qyn5f16x9dc0000gn/T/npm-3763/1395699942828-0.08895211829803884/package
75 silly lockFile 7d9afcfc-2828-0-08895211829803884-package /var/folders/4y/q11gm4915tb_8qyn5f16x9dc0000gn/T/npm-3763/1395699942828-0.08895211829803884/package
76 verbose lock /var/folders/4y/q11gm4915tb_8qyn5f16x9dc0000gn/T/npm-3763/1395699942828-0.08895211829803884/package /Users/joelbrady/.npm/7d9afcfc-2828-0-08895211829803884-package.lock
77 silly lockFile 33d1d1de-npm-component-0-19-7-package-tgz /Users/joelbrady/.npm/component/0.19.7/package.tgz
78 verbose lock /Users/joelbrady/.npm/component/0.19.7/package.tgz /Users/joelbrady/.npm/33d1d1de-npm-component-0-19-7-package-tgz.lock
79 silly lockFile 7d9afcfc-2828-0-08895211829803884-package /var/folders/4y/q11gm4915tb_8qyn5f16x9dc0000gn/T/npm-3763/1395699942828-0.08895211829803884/package
80 silly lockFile 7d9afcfc-2828-0-08895211829803884-package /var/folders/4y/q11gm4915tb_8qyn5f16x9dc0000gn/T/npm-3763/1395699942828-0.08895211829803884/package
81 silly lockFile 33d1d1de-npm-component-0-19-7-package-tgz /Users/joelbrady/.npm/component/0.19.7/package.tgz
82 silly lockFile 33d1d1de-npm-component-0-19-7-package-tgz /Users/joelbrady/.npm/component/0.19.7/package.tgz
83 silly lockFile ffc2f3c9-ady-npm-component-0-19-7-package /Users/joelbrady/.npm/component/0.19.7/package
84 verbose lock /Users/joelbrady/.npm/component/0.19.7/package /Users/joelbrady/.npm/ffc2f3c9-ady-npm-component-0-19-7-package.lock
85 silly lockFile ffc2f3c9-ady-npm-component-0-19-7-package /Users/joelbrady/.npm/component/0.19.7/package
86 silly lockFile ffc2f3c9-ady-npm-component-0-19-7-package /Users/joelbrady/.npm/component/0.19.7/package
87 verbose tar unpack /Users/joelbrady/.npm/component/0.19.7/package.tgz
88 silly lockFile ffc2f3c9-ady-npm-component-0-19-7-package /Users/joelbrady/.npm/component/0.19.7/package
89 verbose lock /Users/joelbrady/.npm/component/0.19.7/package /Users/joelbrady/.npm/ffc2f3c9-ady-npm-component-0-19-7-package.lock
90 silly lockFile 33d1d1de-npm-component-0-19-7-package-tgz /Users/joelbrady/.npm/component/0.19.7/package.tgz
91 verbose lock /Users/joelbrady/.npm/component/0.19.7/package.tgz /Users/joelbrady/.npm/33d1d1de-npm-component-0-19-7-package-tgz.lock
92 silly gunzTarPerm modes [ '755', '644' ]
93 silly gunzTarPerm extractEntry package.json
94 silly gunzTarPerm extractEntry .npmignore
95 silly gunzTarPerm extractEntry index.js
96 silly gunzTarPerm extractEntry History.md
97 silly gunzTarPerm extractEntry Makefile
98 silly gunzTarPerm extractEntry Readme.md
99 silly gunzTarPerm extractEntry bin/component-help
100 silly gunzTarPerm extractEntry bin/component
101 silly gunzTarPerm extractEntry bin/component-changes
102 silly gunzTarPerm extractEntry bin/component-convert
103 silly gunzTarPerm extractEntry bin/component-create
104 silly gunzTarPerm extractEntry bin/component-build
105 silly gunzTarPerm extractEntry bin/component-info
106 silly gunzTarPerm extractEntry bin/component-install
107 silly gunzTarPerm extractEntry bin/component-ls
108 silly gunzTarPerm extractEntry bin/component-search
109 silly gunzTarPerm extractEntry bin/component-wiki
110 silly gunzTarPerm extractEntry lib/Package.js
111 silly gunzTarPerm extractEntry lib/component.js
112 silly gunzTarPerm extractEntry lib/utils.js
113 silly gunzTarPerm extractEntry templates/readme.js
114 silly gunzTarPerm extractEntry templates/readme.md
115 verbose read json /Users/joelbrady/.npm/component/0.19.7/package/package.json
116 silly lockFile ffc2f3c9-ady-npm-component-0-19-7-package /Users/joelbrady/.npm/component/0.19.7/package
117 silly lockFile ffc2f3c9-ady-npm-component-0-19-7-package /Users/joelbrady/.npm/component/0.19.7/package
118 silly lockFile 33d1d1de-npm-component-0-19-7-package-tgz /Users/joelbrady/.npm/component/0.19.7/package.tgz
119 silly lockFile 33d1d1de-npm-component-0-19-7-package-tgz /Users/joelbrady/.npm/component/0.19.7/package.tgz
120 verbose from cache /Users/joelbrady/.npm/component/0.19.7/package/package.json
121 verbose chmod /Users/joelbrady/.npm/component/0.19.7/package.tgz 644
122 verbose chown /Users/joelbrady/.npm/component/0.19.7/package.tgz [ 501, 20 ]
123 silly lockFile 171e548e-g-component-component-0-19-7-tgz https://registry.npmjs.org/component/-/component-0.19.7.tgz
124 silly lockFile 171e548e-g-component-component-0-19-7-tgz https://registry.npmjs.org/component/-/component-0.19.7.tgz
125 silly lockFile 89327c4b-component-0-19-7 component@0.19.7
126 silly lockFile 89327c4b-component-0-19-7 component@0.19.7
127 silly lockFile fa4251c1-component component@
128 silly lockFile fa4251c1-component component@
129 silly resolved [ { name: 'component',
129 silly resolved     version: '0.19.7',
129 silly resolved     description: 'Component package manager consuming git repositories',
129 silly resolved     keywords: [ 'component', 'package', 'client', 'browser', 'module' ],
129 silly resolved     author: { name: 'TJ Holowaychuk', email: 'tj@vision-media.ca' },
129 silly resolved     repository: { type: 'git', url: 'git://github.com/component/component.git' },
129 silly resolved     dependencies:
129 silly resolved      { commander: '1.0.5',
129 silly resolved        mkdirp: '0.3.4',
129 silly resolved        superagent: '0.15.7',
129 silly resolved        'component-builder': '0.10.1',
129 silly resolved        'string-to-js': '0.0.1',
129 silly resolved        jog: '0.4.0',
129 silly resolved        batch: '0.3.2',
129 silly resolved        'win-fork': '1.0.0',
129 silly resolved        archy: '0.0.2',
129 silly resolved        netrc: '~0.1.3',
129 silly resolved        debug: '*',
129 silly resolved        rimraf: '~2.1.4',
129 silly resolved        'proxy-agent': '~1.1.0',
129 silly resolved        'superagent-proxy': '~0.3.0',
129 silly resolved        open: '0.0.4',
129 silly resolved        'component-installer': '~0.0.6',
129 silly resolved        'component-package': '~0.0.4' },
129 silly resolved     devDependencies: { express: '3.0.0', minstache: '0.0.1', mocha: '*', should: '*' },
129 silly resolved     bin:
129 silly resolved      { component: 'bin/component',
129 silly resolved        'component-info': 'bin/component-info',
129 silly resolved        'component-help': 'bin/component-help',
129 silly resolved        'component-install': 'bin/component-install',
129 silly resolved        'component-ls': 'bin/component-ls',
129 silly resolved        'component-convert': 'bin/component-convert',
129 silly resolved        'component-build': 'bin/component-build',
129 silly resolved        'component-search': 'bin/component-search',
129 silly resolved        'component-create': 'bin/component-create',
129 silly resolved        'component-changes': 'bin/component-changes',
129 silly resolved        'component-wiki': 'bin/component-wiki' },
129 silly resolved     main: 'index',
129 silly resolved     engines: { node: '>= 0.8.0' },
129 silly resolved     scripts: { test: 'make test' },
129 silly resolved     readme: '  ![web component logo](http://i49.tinypic.com/e7nj9v.png)\n\n  Component package manager for building a better web.\n\n## Installation\n\n  With [node](http://nodejs.org) previously installed:\n\n     $ npm install -g component\n\n  With node binary on OSX:\n\n     $ (cd /usr/local && \\\n        curl -L# http://nodejs.org/dist/v0.8.15/node-v0.8.15-darwin-x86.tar.gz \\\n        | tar -zx --strip 1) \\\n       && npm install -g component \\\n       && printf "installed component(1) %s\\n" $(component --version)\n\n  NOTE: tested with node 0.8.x\n\n## Features\n\n  - write modular commonjs components\n  - write components that include their own styles, images, scripts, or any combo\n  - no registry publishing or account required, uses github repositories\n  - extensible sub-commands via `component-YOURCOMMAND` git-style\n  - component skeleton creation command\n  - installs dependencies from the command-line or ./component.json\n  - avoid name squatting through github\'s naming conventions\n  - build your components with `--standalone` to share them with non-component(1) users\n  - discovery of useful packages is simple with a robust search\n  - view documentation from the command line\n  - simple private registry set up (all you need is a file server)\n  - very fast installs (50 components in ~4.5s)\n  - very fast search (~300ms)\n\n## Links\n\n - [List](https://github.com/component/component/wiki/Components) of all available components\n - [Wiki](https://github.com/component/component/wiki)\n - [Mailing List](https://groups.google.com/group/componentjs)\n - [Google+ Community](https://plus.google.com/u/0/communities/109771441994395167277)\n - component ["spec"](https://github.com/component/component/wiki/Spec)\n - join `#components` on freenode\n - follow [@component_js](http://twitter.com/component_js) on twitter\n - [Building better components](https://github.com/component/component/wiki/Building-better-components) tips\n - [F.A.Q](https://github.com/component/component/wiki/F.A.Q)\n - In-browser component [builder](http://component-kelonye.rhcloud.com/)\n - component [dependency visualizer](http://component-graph.herokuapp.com/component/dom)\n\n## Screencasts\n\n - [Creating web components](https://vimeo.com/53730178)\n - [App integration introduction](https://vimeo.com/48054442)\n\n## Articles\n\n  - building a [date picker component](http://tjholowaychuk.tumblr.com/post/37832588021/building-a-date-picker-component)\n  - original [component blog post](http://tjholowaychuk.tumblr.com/post/27984551477/components)\n\n## Usage\n\n Via `--help`:\n\n```\n\nUsage: component <command> [options]\n\nOptions:\n\n  -h, --help     output usage information\n  -V, --version  output the version number\n\nCommands:\n\n  install [name ...]      install one or more components\n  create [dir]            create a component skeleton\n  search [query]          search with the given query\n  convert <file ...>      convert html files to js modules\n  info <name> [prop]      output json component information\n  changes <name>          output changelog contents\n  wiki                    open the components list wiki page\n  build                   build the component\n  ls                      list installed components\n\n```\n\n## Installing packages\n\n  To install one or more packages, simply pass their github\n  repo names as arguments to `component install`. Dependencies\n  are resolved and the component contents are downloaded into\n  `./components` by default. View `component help install` for details.\n\n```\n$ component install component/tip\n\n   install : component/tip@master\n       dep : component/emitter@master\n   install : component/emitter@master\n       dep : component/jquery@master\n   install : component/jquery@master\n     fetch : component/tip:index.js\n     fetch : component/tip:tip.css\n     fetch : component/tip:tip.html\n     fetch : component/emitter:index.js\n     fetch : component/jquery:index.js\n  complete : component/emitter\n  complete : component/jquery\n  complete : component/tip\n```\n\n## Searching for components\n\n  By adding your component to the [Components List](https://github.com/component/component/wiki/Components) wiki page it will become automatically available to `component-search(1)`. When invoked with no query all components are displayed, otherwise a filtered search, ordered by the number of github "stars":\n\n```\n$ component search ui\n\n  component/dialog\n  url: https://github.com/component/dialog\n  desc: Dialog component\n  ★ 12\n\n  component/notification\n  url: https://github.com/component/notification\n  desc: Notification component\n  ★ 10\n\n  component/overlay\n  url: https://github.com/component/overlay\n  desc: Overlay component\n  ★ 7\n\n```\n\n## Using GitHub as a registry\n\n  By using GitHub as the registry, `component(1)` is automatically\n  available to you without further explicit knowledge or work\n  creating a registry account etc.\n\n  A nice side-effect of this namespaced world is that dependencies\n  are explicit and self-documenting. No longer do you need to query\n  the registry for a "repo" property that may not exist, it\'s simply\n  built in to the package name, for example ["visionmedia/page.js"](https://github.com/visionmedia/page.js) rather\n  than the unclear "page".\n\n  Another benefit of this is that there are zero name collisions, for example\n  you may use "component/tip" for a dependency of "foo", and "someuser/tip"\n  as a dependency of "bar", providing `require(\'tip\')` in each. This prevents\n  obscure or irrelevant naming such as "progress", "progress2", "progress-bar",\n  "progress-component" found in npm.\n\n## Creating a component\n\n  The `component-create(1)` command can create a component\n  project skeleton for you by filling out the prompts. Once\n  this repo is published to GitHub, you\'re all done!\n\n```\nname: popover\ndescription: Popover UI component\ndoes this component have js? yes\ndoes this component have css? yes\ndoes this component have html? yes\n\n     create : popover\n     create : popover/index.js\n     create : popover/template.html\n     create : popover/popover.css\n     create : popover/Makefile\n     create : popover/Readme.md\n     create : popover/.gitignore\n     create : popover/component.json\n\n```\n\n  A `Makefile` is created for you in order to create a build of the component,\n  complete with installed dependencies simply execute `make`.\n\n## Templates\n\n  Because `component(1)` has no notion of a "template", even simple HTML files\n  should be converted to a `require()`-able module. It is recommended that public\n  components shared within the community use regular HTML templates, and regular\n  CSS stylesheets to maximize contributions, however if you wish to use alternate\n  technologies just make sure to compile them before publishing them to GitHub.\n\n  For the recommended use-case of regular HTML, the `component-convert(1)` command\n  will translate a regular HTML file to its `require()`-able JavaScript counterpart.\n\n## Developing component(1) sub-commands\n\n  `component(1)` and sub-commands are structured much like `git(1)`,\n  in that sub-commands are simply separate executables. For example\n  `$ component info pkg` and `$ component-info pkg` are equivalent.\n\n  Because of this you\'ll likely want `PATH="./bin:$PATH"` in your\n  profile or session while developing component, otherwise `./bin/component`\n  will have a hard time finding the sub-commands.\n\n## Using private components\n\n  `component(1)` uses [~/.netrc](http://man.cx/netrc(4)), like other tools such as [curl](http://man.cx/curl) and [git](http://git-scm.com/), to specify credentials for remote hosts. Simply create a `~/.netrc` file in the home directory:\n\n```\nmachine raw.github.com\n  login visionmedia\n  password pass123\n```\n\n## Running tests\n\nMake sure dependencies are installed:\n\n```\n$ npm install\n```\n\nThen run:\n\n```\n$ make test\n```\n\n## Contributors\n\n  - TJ Holowaychuk\n  - Guillermo Rauch\n  - Garrett Johnson\n  - Amir Abu Shareb\n  - Adam Sanderson\n  - Matt Mueller\n  - Forbes Lindesay\n  - Arpad Borsos\n  - Dan Williams\n  - Damián Suárez\n  - Tim Oxley\n  - Jeremy Worboys\n  - Nick Jackson\n  - Cameron Bytheway\n\n## Example applications\n\n  Open source application examples:\n\n  - Example using [script tags](https://github.com/component/script-tag-example) for integrating component with existing non-commonjs applications or frameworks\n  - [Todo list](https://github.com/component/todo) example comprised of private and public components\n  - [Component.io](https://github.com/component/component.io) website\n  - [Posty](https://github.com/visionmedia/posty)\n  - [NoFlo](noflojs.org) flow-based programming environment\n\n## Extensions\n\n - [component-graph(1)](https://github.com/component/component-graph) dependency graphs for component projects\n\n## License\n\n(The MIT License)\n\nCopyright (c) 2014 TJ Holowaychuk &lt;tj@vision-media.ca&gt;\n\nPermission is hereby granted, free of charge, to any person obtaining\na copy of this software and associated documentation files (the\n\'Software\'), to deal in the Software without restriction, including\nwithout limitation the rights to use, copy, modify, merge, publish,\ndistribute, sublicense, and/or sell copies of the Software, and to\npermit persons to whom the Software is furnished to do so, subject to\nthe following conditions:\n\nThe above copyright notice and this permission notice shall be\nincluded in all copies or substantial portions of the Software.\n\nTHE SOFTWARE IS PROVIDED \'AS IS\', WITHOUT WARRANTY OF ANY KIND,\nEXPRESS OR IMPLIED, INCLUDING BUT NOT LIMITED TO THE WARRANTIES OF\nMERCHANTABILITY, FITNESS FOR A PARTICULAR PURPOSE AND NONINFRINGEMENT.\nIN NO EVENT SHALL THE AUTHORS OR COPYRIGHT HOLDERS BE LIABLE FOR ANY\nCLAIM, DAMAGES OR OTHER LIABILITY, WHETHER IN AN ACTION OF CONTRACT,\nTORT OR OTHERWISE, ARISING FROM, OUT OF OR IN CONNECTION WITH THE\nSOFTWARE OR THE USE OR OTHER DEALINGS IN THE SOFTWARE.\n',
129 silly resolved     readmeFilename: 'Readme.md',
129 silly resolved     bugs: { url: 'https://github.com/component/component/issues' },
129 silly resolved     _id: 'component@0.19.7',
129 silly resolved     dist: { shasum: '8375dda882f1415839c5cb70655be4149ae39bd2' },
129 silly resolved     _from: 'component@',
129 silly resolved     _resolved: 'https://registry.npmjs.org/component/-/component-0.19.7.tgz' } ]
130 info install component@0.19.7 into /usr/local/lib
131 info installOne component@0.19.7
132 verbose from cache /Users/joelbrady/.npm/component/0.19.7/package/package.json
133 info /usr/local/lib/node_modules/component unbuild
134 verbose read json /usr/local/lib/node_modules/component/package.json
135 verbose tar unpack /Users/joelbrady/.npm/component/0.19.7/package.tgz
136 silly lockFile 4b3d58ac-local-lib-node-modules-component /usr/local/lib/node_modules/component
137 verbose lock /usr/local/lib/node_modules/component /Users/joelbrady/.npm/4b3d58ac-local-lib-node-modules-component.lock
138 silly lockFile 33d1d1de-npm-component-0-19-7-package-tgz /Users/joelbrady/.npm/component/0.19.7/package.tgz
139 verbose lock /Users/joelbrady/.npm/component/0.19.7/package.tgz /Users/joelbrady/.npm/33d1d1de-npm-component-0-19-7-package-tgz.lock
140 silly gunzTarPerm modes [ '755', '644' ]
141 error Error: EACCES, mkdir '/usr/local/lib/node_modules/component'
141 error  { [Error: EACCES, mkdir '/usr/local/lib/node_modules/component']
141 error   errno: 3,
141 error   code: 'EACCES',
141 error   path: '/usr/local/lib/node_modules/component',
141 error   fstream_type: 'Directory',
141 error   fstream_path: '/usr/local/lib/node_modules/component',
141 error   fstream_class: 'DirWriter',
141 error   fstream_stack:
141 error    [ '/usr/local/lib/node_modules/npm/node_modules/fstream/lib/dir-writer.js:36:23',
141 error      '/usr/local/lib/node_modules/npm/node_modules/mkdirp/index.js:37:53',
141 error      'Object.oncomplete (fs.js:107:15)' ] }
142 error Please try running this command again as root/Administrator.
143 error System Darwin 13.1.0
144 error command "node" "/usr/local/bin/npm" "install" "-g" "component"
145 error cwd /Users/joelbrady/Desktop/WDI/project3/wdi-final-project
146 error node -v v0.10.9
147 error npm -v 1.2.24
148 error path /usr/local/lib/node_modules/component
149 error fstream_path /usr/local/lib/node_modules/component
150 error fstream_type Directory
151 error fstream_class DirWriter
152 error code EACCES
153 error errno 3
154 error stack Error: EACCES, mkdir '/usr/local/lib/node_modules/component'
155 error fstream_stack /usr/local/lib/node_modules/npm/node_modules/fstream/lib/dir-writer.js:36:23
155 error fstream_stack /usr/local/lib/node_modules/npm/node_modules/mkdirp/index.js:37:53
155 error fstream_stack Object.oncomplete (fs.js:107:15)
156 verbose exit [ 3, true ]
